<?xml version="1.0" encoding="UTF-8"?>
<robot generator="Robot 6.0.1 (Python 3.9.7 on win32)" generated="20221223 18:14:49.221" rpa="false" schemaversion="3">
<suite id="s1" name="Git Regan" source="D:\Regan\Git_Regan">
<suite id="s1-s1" name="Robot" source="D:\Regan\Git_Regan\Robot">
<suite id="s1-s1-s1" name="Taobao" source="D:\Regan\Git_Regan\Robot\Taobao">
<suite id="s1-s1-s1-s1" name="Test" source="D:\Regan\Git_Regan\Robot\Taobao\test.robot">
<test id="s1-s1-s1-s1-t1" name="login" line="9">
<kw name="Open Browser" library="Selenium2Library">
<arg>https://www.taobao.com</arg>
<arg>edge</arg>
<arg>options=add_argument("--disable-blink-features=AutomationControlled");add_experimental_option("excludeSwitches",["enable-automation"])</arg>
<doc>Opens a new browser instance to the optional ``url``.</doc>
<msg timestamp="20221223 18:14:49.801" level="INFO">Opening browser 'edge' to base url 'https://www.taobao.com'.</msg>
<status status="PASS" starttime="20221223 18:14:49.799" endtime="20221223 18:14:54.756"/>
</kw>
<kw name="Click Element" library="Selenium2Library">
<arg>//*[@id="J_SiteNavLogin"]/div[1]/div[1]/a[1]</arg>
<doc>Click the element identified by ``locator``.</doc>
<msg timestamp="20221223 18:14:54.760" level="INFO">Clicking element '//*[@id="J_SiteNavLogin"]/div[1]/div[1]/a[1]'.</msg>
<status status="PASS" starttime="20221223 18:14:54.757" endtime="20221223 18:14:55.958"/>
</kw>
<kw name="Clear Element Text" library="Selenium2Library">
<arg>fm-login-id</arg>
<doc>Clears the value of the text-input-element identified by ``locator``.</doc>
<status status="PASS" starttime="20221223 18:14:55.959" endtime="20221223 18:14:56.291"/>
</kw>
<kw name="Clear Element Text" library="Selenium2Library">
<arg>fm-login-password</arg>
<doc>Clears the value of the text-input-element identified by ``locator``.</doc>
<status status="PASS" starttime="20221223 18:14:56.291" endtime="20221223 18:14:56.340"/>
</kw>
<kw name="Click Button" library="Selenium2Library">
<arg>//*[@id="login-form"]/div[4]/button</arg>
<doc>Clicks the button identified by ``locator``.</doc>
<msg timestamp="20221223 18:14:56.341" level="INFO">Clicking button '//*[@id="login-form"]/div[4]/button'.</msg>
<status status="PASS" starttime="20221223 18:14:56.340" endtime="20221223 18:14:56.601"/>
</kw>
<kw name="Wait Until Page Contains Element" library="Selenium2Library">
<arg>//*[@id="login-error"]/div</arg>
<arg>3</arg>
<arg>error</arg>
<doc>Waits until the element ``locator`` appears on the current page.</doc>
<status status="PASS" starttime="20221223 18:14:56.602" endtime="20221223 18:14:56.622"/>
</kw>
<kw name="Sleep" library="BuiltIn">
<arg>3</arg>
<doc>Pauses the test executed for the given time.</doc>
<msg timestamp="20221223 18:14:59.636" level="INFO">Slept 3 seconds</msg>
<status status="PASS" starttime="20221223 18:14:56.623" endtime="20221223 18:14:59.636"/>
</kw>
<kw name="Input Text" library="Selenium2Library">
<arg>fm-login-id</arg>
<arg>${account[0]}</arg>
<doc>Types the given ``text`` into the text field identified by ``locator``.</doc>
<msg timestamp="20221223 18:14:59.639" level="INFO">Typing text '18015073951' into text field 'fm-login-id'.</msg>
<status status="PASS" starttime="20221223 18:14:59.637" endtime="20221223 18:14:59.743"/>
</kw>
<kw name="Click Button" library="Selenium2Library">
<arg>//*[@id="login-form"]/div[4]/button</arg>
<doc>Clicks the button identified by ``locator``.</doc>
<msg timestamp="20221223 18:14:59.745" level="INFO">Clicking button '//*[@id="login-form"]/div[4]/button'.</msg>
<status status="PASS" starttime="20221223 18:14:59.744" endtime="20221223 18:14:59.853"/>
</kw>
<kw name="Wait Until Page Contains Element" library="Selenium2Library">
<arg>//*[@id="login-error"]/div</arg>
<arg>3</arg>
<arg>error</arg>
<doc>Waits until the element ``locator`` appears on the current page.</doc>
<status status="PASS" starttime="20221223 18:14:59.855" endtime="20221223 18:14:59.870"/>
</kw>
<kw name="Sleep" library="BuiltIn">
<arg>3</arg>
<doc>Pauses the test executed for the given time.</doc>
<msg timestamp="20221223 18:15:02.887" level="INFO">Slept 3 seconds</msg>
<status status="PASS" starttime="20221223 18:14:59.871" endtime="20221223 18:15:02.887"/>
</kw>
<kw name="Clear Element Text" library="Selenium2Library">
<arg>fm-login-id</arg>
<doc>Clears the value of the text-input-element identified by ``locator``.</doc>
<status status="PASS" starttime="20221223 18:15:02.889" endtime="20221223 18:15:02.925"/>
</kw>
<kw name="Input Text" library="Selenium2Library">
<arg>fm-login-password</arg>
<arg>${password[0]}</arg>
<doc>Types the given ``text`` into the text field identified by ``locator``.</doc>
<msg timestamp="20221223 18:15:02.928" level="INFO">Typing text 'yan011017' into text field 'fm-login-password'.</msg>
<status status="PASS" starttime="20221223 18:15:02.926" endtime="20221223 18:15:03.020"/>
</kw>
<kw name="Click Button" library="Selenium2Library">
<arg>//*[@id="login-form"]/div[4]/button</arg>
<doc>Clicks the button identified by ``locator``.</doc>
<msg timestamp="20221223 18:15:03.021" level="INFO">Clicking button '//*[@id="login-form"]/div[4]/button'.</msg>
<status status="PASS" starttime="20221223 18:15:03.020" endtime="20221223 18:15:03.105"/>
</kw>
<kw name="Wait Until Page Contains Element" library="Selenium2Library">
<arg>//*[@id="login-error"]/div</arg>
<arg>3</arg>
<arg>error</arg>
<doc>Waits until the element ``locator`` appears on the current page.</doc>
<status status="PASS" starttime="20221223 18:15:03.106" endtime="20221223 18:15:03.117"/>
</kw>
<kw name="Sleep" library="BuiltIn">
<arg>3</arg>
<doc>Pauses the test executed for the given time.</doc>
<msg timestamp="20221223 18:15:06.123" level="INFO">Slept 3 seconds</msg>
<status status="PASS" starttime="20221223 18:15:03.117" endtime="20221223 18:15:06.124"/>
</kw>
<kw name="Clear Element Text" library="Selenium2Library">
<arg>fm-login-password</arg>
<doc>Clears the value of the text-input-element identified by ``locator``.</doc>
<status status="PASS" starttime="20221223 18:15:06.124" endtime="20221223 18:15:06.162"/>
</kw>
<kw name="Input Text" library="Selenium2Library">
<arg>fm-login-id</arg>
<arg>${account[1]}</arg>
<doc>Types the given ``text`` into the text field identified by ``locator``.</doc>
<msg timestamp="20221223 18:15:06.164" level="INFO">Typing text 'admin' into text field 'fm-login-id'.</msg>
<status status="PASS" starttime="20221223 18:15:06.163" endtime="20221223 18:15:06.253"/>
</kw>
<kw name="Input Text" library="Selenium2Library">
<arg>fm-login-password</arg>
<arg>${password[1]}</arg>
<doc>Types the given ``text`` into the text field identified by ``locator``.</doc>
<msg timestamp="20221223 18:15:06.255" level="INFO">Typing text 'admin' into text field 'fm-login-password'.</msg>
<status status="PASS" starttime="20221223 18:15:06.254" endtime="20221223 18:15:06.350"/>
</kw>
<kw name="Comment" library="BuiltIn">
<arg>Drag And Drop By Offset</arg>
<arg>//*[@id="nc_1_n1z"]</arg>
<arg>100</arg>
<arg>0</arg>
<doc>Displays the given messages in the log file as keyword arguments.</doc>
<status status="PASS" starttime="20221223 18:15:06.352" endtime="20221223 18:15:06.352"/>
</kw>
<kw name="Click Button" library="Selenium2Library">
<arg>//*[@id="login-form"]/div[4]/button</arg>
<doc>Clicks the button identified by ``locator``.</doc>
<msg timestamp="20221223 18:15:06.354" level="INFO">Clicking button '//*[@id="login-form"]/div[4]/button'.</msg>
<status status="PASS" starttime="20221223 18:15:06.353" endtime="20221223 18:15:06.533"/>
</kw>
<kw name="Wait Until Page Contains Element" library="Selenium2Library">
<arg>//*[@id="login-error"]/div</arg>
<arg>3</arg>
<arg>error</arg>
<doc>Waits until the element ``locator`` appears on the current page.</doc>
<status status="PASS" starttime="20221223 18:15:06.534" endtime="20221223 18:15:06.547"/>
</kw>
<kw name="Sleep" library="BuiltIn">
<arg>3</arg>
<doc>Pauses the test executed for the given time.</doc>
<msg timestamp="20221223 18:15:09.556" level="INFO">Slept 3 seconds</msg>
<status status="PASS" starttime="20221223 18:15:06.548" endtime="20221223 18:15:09.556"/>
</kw>
<kw name="Clear Element Text" library="Selenium2Library">
<arg>fm-login-id</arg>
<doc>Clears the value of the text-input-element identified by ``locator``.</doc>
<status status="PASS" starttime="20221223 18:15:09.558" endtime="20221223 18:15:09.595"/>
</kw>
<kw name="Clear Element Text" library="Selenium2Library">
<arg>fm-login-password</arg>
<doc>Clears the value of the text-input-element identified by ``locator``.</doc>
<status status="PASS" starttime="20221223 18:15:09.596" endtime="20221223 18:15:09.628"/>
</kw>
<kw name="Input Text" library="Selenium2Library">
<arg>fm-login-id</arg>
<arg>${account[2]}</arg>
<doc>Types the given ``text`` into the text field identified by ``locator``.</doc>
<msg timestamp="20221223 18:15:09.631" level="INFO">Typing text '123456' into text field 'fm-login-id'.</msg>
<status status="PASS" starttime="20221223 18:15:09.630" endtime="20221223 18:15:09.708"/>
</kw>
<kw name="Input Text" library="Selenium2Library">
<arg>fm-login-password</arg>
<arg>${password[2]}</arg>
<doc>Types the given ``text`` into the text field identified by ``locator``.</doc>
<msg timestamp="20221223 18:15:09.710" level="INFO">Typing text '123456' into text field 'fm-login-password'.</msg>
<status status="PASS" starttime="20221223 18:15:09.709" endtime="20221223 18:15:09.797"/>
</kw>
<kw name="Comment" library="BuiltIn">
<arg>Drag And Drop By Offset</arg>
<arg>//*[@id="nc_1_n1z"]</arg>
<arg>100</arg>
<arg>0</arg>
<doc>Displays the given messages in the log file as keyword arguments.</doc>
<status status="PASS" starttime="20221223 18:15:09.797" endtime="20221223 18:15:09.798"/>
</kw>
<kw name="Click Button" library="Selenium2Library">
<arg>//*[@id="login-form"]/div[4]/button</arg>
<doc>Clicks the button identified by ``locator``.</doc>
<msg timestamp="20221223 18:15:09.799" level="INFO">Clicking button '//*[@id="login-form"]/div[4]/button'.</msg>
<status status="PASS" starttime="20221223 18:15:09.798" endtime="20221223 18:15:09.959"/>
</kw>
<kw name="Wait Until Page Contains Element" library="Selenium2Library">
<arg>//*[@id="login-error"]/div</arg>
<arg>3</arg>
<arg>error</arg>
<doc>Waits until the element ``locator`` appears on the current page.</doc>
<status status="PASS" starttime="20221223 18:15:09.959" endtime="20221223 18:15:09.971"/>
</kw>
<kw name="Sleep" library="BuiltIn">
<arg>3</arg>
<doc>Pauses the test executed for the given time.</doc>
<msg timestamp="20221223 18:15:12.979" level="INFO">Slept 3 seconds</msg>
<status status="PASS" starttime="20221223 18:15:09.972" endtime="20221223 18:15:12.980"/>
</kw>
<kw name="Clear Element Text" library="Selenium2Library">
<arg>fm-login-id</arg>
<doc>Clears the value of the text-input-element identified by ``locator``.</doc>
<status status="PASS" starttime="20221223 18:15:12.981" endtime="20221223 18:15:13.019"/>
</kw>
<kw name="Clear Element Text" library="Selenium2Library">
<arg>fm-login-password</arg>
<doc>Clears the value of the text-input-element identified by ``locator``.</doc>
<status status="PASS" starttime="20221223 18:15:13.020" endtime="20221223 18:15:13.055"/>
</kw>
<kw name="Input Text" library="Selenium2Library">
<arg>fm-login-id</arg>
<arg>${account[3]}</arg>
<doc>Types the given ``text`` into the text field identified by ``locator``.</doc>
<msg timestamp="20221223 18:15:13.058" level="INFO">Typing text '11111111111' into text field 'fm-login-id'.</msg>
<status status="PASS" starttime="20221223 18:15:13.056" endtime="20221223 18:15:13.142"/>
</kw>
<kw name="Input Text" library="Selenium2Library">
<arg>fm-login-password</arg>
<arg>${password[3]}</arg>
<doc>Types the given ``text`` into the text field identified by ``locator``.</doc>
<msg timestamp="20221223 18:15:13.144" level="INFO">Typing text '11111111111' into text field 'fm-login-password'.</msg>
<status status="PASS" starttime="20221223 18:15:13.142" endtime="20221223 18:15:13.234"/>
</kw>
<kw name="Comment" library="BuiltIn">
<arg>Drag And Drop By Offset</arg>
<arg>//*[@id="nc_1_n1z"]</arg>
<arg>100</arg>
<arg>0</arg>
<doc>Displays the given messages in the log file as keyword arguments.</doc>
<status status="PASS" starttime="20221223 18:15:13.235" endtime="20221223 18:15:13.236"/>
</kw>
<kw name="Click Button" library="Selenium2Library">
<arg>//*[@id="login-form"]/div[4]/button</arg>
<doc>Clicks the button identified by ``locator``.</doc>
<msg timestamp="20221223 18:15:13.237" level="INFO">Clicking button '//*[@id="login-form"]/div[4]/button'.</msg>
<status status="PASS" starttime="20221223 18:15:13.236" endtime="20221223 18:15:13.399"/>
</kw>
<kw name="Wait Until Page Contains Element" library="Selenium2Library">
<arg>//*[@id="login-error"]/div</arg>
<arg>3</arg>
<arg>error</arg>
<doc>Waits until the element ``locator`` appears on the current page.</doc>
<status status="PASS" starttime="20221223 18:15:13.400" endtime="20221223 18:15:13.414"/>
</kw>
<kw name="Sleep" library="BuiltIn">
<arg>3</arg>
<doc>Pauses the test executed for the given time.</doc>
<msg timestamp="20221223 18:15:16.426" level="INFO">Slept 3 seconds</msg>
<status status="PASS" starttime="20221223 18:15:13.415" endtime="20221223 18:15:16.426"/>
</kw>
<kw name="Clear Element Text" library="Selenium2Library">
<arg>fm-login-id</arg>
<doc>Clears the value of the text-input-element identified by ``locator``.</doc>
<status status="PASS" starttime="20221223 18:15:16.427" endtime="20221223 18:15:16.462"/>
</kw>
<kw name="Clear Element Text" library="Selenium2Library">
<arg>fm-login-password</arg>
<doc>Clears the value of the text-input-element identified by ``locator``.</doc>
<status status="PASS" starttime="20221223 18:15:16.463" endtime="20221223 18:15:16.502"/>
</kw>
<kw name="Input Text" library="Selenium2Library">
<arg>fm-login-id</arg>
<arg>${account[4]}</arg>
<doc>Types the given ``text`` into the text field identified by ``locator``.</doc>
<msg timestamp="20221223 18:15:16.504" level="INFO">Typing text '333' into text field 'fm-login-id'.</msg>
<status status="PASS" starttime="20221223 18:15:16.503" endtime="20221223 18:15:16.581"/>
</kw>
<kw name="Input Text" library="Selenium2Library">
<arg>fm-login-password</arg>
<arg>${password[4]}</arg>
<doc>Types the given ``text`` into the text field identified by ``locator``.</doc>
<msg timestamp="20221223 18:15:16.584" level="INFO">Typing text '444' into text field 'fm-login-password'.</msg>
<status status="PASS" starttime="20221223 18:15:16.582" endtime="20221223 18:15:16.661"/>
</kw>
<kw name="Comment" library="BuiltIn">
<arg>Drag And Drop By Offset</arg>
<arg>//*[@id="nc_1_n1z"]</arg>
<arg>100</arg>
<arg>0</arg>
<doc>Displays the given messages in the log file as keyword arguments.</doc>
<status status="PASS" starttime="20221223 18:15:16.661" endtime="20221223 18:15:16.662"/>
</kw>
<kw name="Click Button" library="Selenium2Library">
<arg>//*[@id="login-form"]/div[4]/button</arg>
<doc>Clicks the button identified by ``locator``.</doc>
<msg timestamp="20221223 18:15:16.663" level="INFO">Clicking button '//*[@id="login-form"]/div[4]/button'.</msg>
<status status="PASS" starttime="20221223 18:15:16.663" endtime="20221223 18:15:16.809"/>
</kw>
<kw name="Wait Until Page Contains Element" library="Selenium2Library">
<arg>//*[@id="login-error"]/div</arg>
<arg>3</arg>
<arg>error</arg>
<doc>Waits until the element ``locator`` appears on the current page.</doc>
<status status="PASS" starttime="20221223 18:15:16.809" endtime="20221223 18:15:16.822"/>
</kw>
<kw name="Sleep" library="BuiltIn">
<arg>3</arg>
<doc>Pauses the test executed for the given time.</doc>
<msg timestamp="20221223 18:15:19.836" level="INFO">Slept 3 seconds</msg>
<status status="PASS" starttime="20221223 18:15:16.822" endtime="20221223 18:15:19.836"/>
</kw>
<kw name="Clear Element Text" library="Selenium2Library">
<arg>fm-login-id</arg>
<doc>Clears the value of the text-input-element identified by ``locator``.</doc>
<status status="PASS" starttime="20221223 18:15:19.838" endtime="20221223 18:15:19.875"/>
</kw>
<kw name="Clear Element Text" library="Selenium2Library">
<arg>fm-login-password</arg>
<doc>Clears the value of the text-input-element identified by ``locator``.</doc>
<status status="PASS" starttime="20221223 18:15:19.876" endtime="20221223 18:15:19.916"/>
</kw>
<kw name="Input Text" library="Selenium2Library">
<arg>fm-login-id</arg>
<arg>${account[0]}</arg>
<doc>Types the given ``text`` into the text field identified by ``locator``.</doc>
<msg timestamp="20221223 18:15:19.921" level="INFO">Typing text '18015073951' into text field 'fm-login-id'.</msg>
<status status="PASS" starttime="20221223 18:15:19.918" endtime="20221223 18:15:20.010"/>
</kw>
<kw name="Input Text" library="Selenium2Library">
<arg>fm-login-password</arg>
<arg>${password[0]}</arg>
<doc>Types the given ``text`` into the text field identified by ``locator``.</doc>
<msg timestamp="20221223 18:15:20.012" level="INFO">Typing text 'yan011017' into text field 'fm-login-password'.</msg>
<status status="PASS" starttime="20221223 18:15:20.010" endtime="20221223 18:15:20.093"/>
</kw>
<kw name="Comment" library="BuiltIn">
<arg>Drag And Drop By Offset</arg>
<arg>//*[@id="nc_1_n1z"]</arg>
<arg>100</arg>
<arg>0</arg>
<doc>Displays the given messages in the log file as keyword arguments.</doc>
<status status="PASS" starttime="20221223 18:15:20.093" endtime="20221223 18:15:20.093"/>
</kw>
<kw name="Click Button" library="Selenium2Library">
<arg>//*[@id="login-form"]/div[4]/button</arg>
<doc>Clicks the button identified by ``locator``.</doc>
<msg timestamp="20221223 18:15:20.095" level="INFO">Clicking button '//*[@id="login-form"]/div[4]/button'.</msg>
<status status="PASS" starttime="20221223 18:15:20.094" endtime="20221223 18:15:20.263"/>
</kw>
<kw name="Sleep" library="BuiltIn">
<arg>3</arg>
<doc>Pauses the test executed for the given time.</doc>
<msg timestamp="20221223 18:15:23.267" level="INFO">Slept 3 seconds</msg>
<status status="PASS" starttime="20221223 18:15:20.264" endtime="20221223 18:15:23.268"/>
</kw>
<kw name="Close Browser" library="Selenium2Library">
<doc>Closes the current browser.</doc>
<status status="PASS" starttime="20221223 18:15:23.270" endtime="20221223 18:15:25.594"/>
</kw>
<kw name="Open Browser" library="Selenium2Library">
<arg>https://www.taobao.com</arg>
<arg>edge</arg>
<arg>options=add_argument("--disable-blink-features=AutomationControlled");add_experimental_option("excludeSwitches",["enable-automation"])</arg>
<doc>Opens a new browser instance to the optional ``url``.</doc>
<msg timestamp="20221223 18:15:25.597" level="INFO">Opening browser 'edge' to base url 'https://www.taobao.com'.</msg>
<status status="PASS" starttime="20221223 18:15:25.596" endtime="20221223 18:15:30.401"/>
</kw>
<kw name="Click Element" library="Selenium2Library">
<arg>//*[@id="J_SiteNavLogin"]/div[1]/div[1]/a[1]</arg>
<doc>Click the element identified by ``locator``.</doc>
<msg timestamp="20221223 18:15:30.403" level="INFO">Clicking element '//*[@id="J_SiteNavLogin"]/div[1]/div[1]/a[1]'.</msg>
<status status="PASS" starttime="20221223 18:15:30.402" endtime="20221223 18:15:31.686"/>
</kw>
<kw name="Clear Element Text" library="Selenium2Library">
<arg>fm-login-id</arg>
<doc>Clears the value of the text-input-element identified by ``locator``.</doc>
<status status="PASS" starttime="20221223 18:15:31.687" endtime="20221223 18:15:31.747"/>
</kw>
<kw name="Clear Element Text" library="Selenium2Library">
<arg>fm-login-password</arg>
<doc>Clears the value of the text-input-element identified by ``locator``.</doc>
<status status="PASS" starttime="20221223 18:15:31.748" endtime="20221223 18:15:31.799"/>
</kw>
<kw name="Input Text" library="Selenium2Library">
<arg>fm-login-id</arg>
<arg>${account[0]}</arg>
<doc>Types the given ``text`` into the text field identified by ``locator``.</doc>
<msg timestamp="20221223 18:15:31.802" level="INFO">Typing text '18015073951' into text field 'fm-login-id'.</msg>
<status status="PASS" starttime="20221223 18:15:31.799" endtime="20221223 18:15:31.930"/>
</kw>
<kw name="Input Text" library="Selenium2Library">
<arg>fm-login-password</arg>
<arg>${password[3]}</arg>
<doc>Types the given ``text`` into the text field identified by ``locator``.</doc>
<msg timestamp="20221223 18:15:31.932" level="INFO">Typing text '11111111111' into text field 'fm-login-password'.</msg>
<status status="PASS" starttime="20221223 18:15:31.931" endtime="20221223 18:15:32.239"/>
</kw>
<kw name="Comment" library="BuiltIn">
<arg>Drag And Drop By Offset</arg>
<arg>//*[@id="nc_1_n1z"]</arg>
<arg>100</arg>
<arg>0</arg>
<doc>Displays the given messages in the log file as keyword arguments.</doc>
<status status="PASS" starttime="20221223 18:15:32.241" endtime="20221223 18:15:32.243"/>
</kw>
<kw name="Click Button" library="Selenium2Library">
<arg>//*[@id="login-form"]/div[4]/button</arg>
<doc>Clicks the button identified by ``locator``.</doc>
<msg timestamp="20221223 18:15:32.248" level="INFO">Clicking button '//*[@id="login-form"]/div[4]/button'.</msg>
<status status="PASS" starttime="20221223 18:15:32.245" endtime="20221223 18:15:32.756"/>
</kw>
<kw name="Wait Until Page Contains Element" library="Selenium2Library">
<arg>//*[@id="login-error"]/div</arg>
<arg>3</arg>
<arg>error</arg>
<doc>Waits until the element ``locator`` appears on the current page.</doc>
<status status="PASS" starttime="20221223 18:15:32.757" endtime="20221223 18:15:32.790"/>
</kw>
<kw name="Sleep" library="BuiltIn">
<arg>3</arg>
<doc>Pauses the test executed for the given time.</doc>
<msg timestamp="20221223 18:15:35.807" level="INFO">Slept 3 seconds</msg>
<status status="PASS" starttime="20221223 18:15:32.791" endtime="20221223 18:15:35.807"/>
</kw>
<kw name="Clear Element Text" library="Selenium2Library">
<arg>fm-login-id</arg>
<doc>Clears the value of the text-input-element identified by ``locator``.</doc>
<status status="PASS" starttime="20221223 18:15:35.809" endtime="20221223 18:15:35.847"/>
</kw>
<kw name="Clear Element Text" library="Selenium2Library">
<arg>fm-login-password</arg>
<doc>Clears the value of the text-input-element identified by ``locator``.</doc>
<status status="PASS" starttime="20221223 18:15:35.848" endtime="20221223 18:15:35.883"/>
</kw>
<kw name="Input Text" library="Selenium2Library">
<arg>fm-login-id</arg>
<arg>${account[4]}</arg>
<doc>Types the given ``text`` into the text field identified by ``locator``.</doc>
<msg timestamp="20221223 18:15:35.885" level="INFO">Typing text '333' into text field 'fm-login-id'.</msg>
<status status="PASS" starttime="20221223 18:15:35.883" endtime="20221223 18:15:35.964"/>
</kw>
<kw name="Input Text" library="Selenium2Library">
<arg>fm-login-password</arg>
<arg>${password[0]}</arg>
<doc>Types the given ``text`` into the text field identified by ``locator``.</doc>
<msg timestamp="20221223 18:15:35.967" level="INFO">Typing text 'yan011017' into text field 'fm-login-password'.</msg>
<status status="PASS" starttime="20221223 18:15:35.965" endtime="20221223 18:15:36.049"/>
</kw>
<kw name="Comment" library="BuiltIn">
<arg>Drag And Drop By Offset</arg>
<arg>//*[@id="nc_1_n1z"]</arg>
<arg>100</arg>
<arg>0</arg>
<doc>Displays the given messages in the log file as keyword arguments.</doc>
<status status="PASS" starttime="20221223 18:15:36.049" endtime="20221223 18:15:36.050"/>
</kw>
<kw name="Click Button" library="Selenium2Library">
<arg>//*[@id="login-form"]/div[4]/button</arg>
<doc>Clicks the button identified by ``locator``.</doc>
<msg timestamp="20221223 18:15:36.052" level="INFO">Clicking button '//*[@id="login-form"]/div[4]/button'.</msg>
<status status="PASS" starttime="20221223 18:15:36.050" endtime="20221223 18:15:36.212"/>
</kw>
<kw name="Wait Until Page Contains Element" library="Selenium2Library">
<arg>//*[@id="login-error"]/div</arg>
<arg>3</arg>
<arg>error</arg>
<doc>Waits until the element ``locator`` appears on the current page.</doc>
<status status="PASS" starttime="20221223 18:15:36.212" endtime="20221223 18:15:36.227"/>
</kw>
<kw name="Sleep" library="BuiltIn">
<arg>3</arg>
<doc>Pauses the test executed for the given time.</doc>
<msg timestamp="20221223 18:15:39.233" level="INFO">Slept 3 seconds</msg>
<status status="PASS" starttime="20221223 18:15:36.228" endtime="20221223 18:15:39.233"/>
</kw>
<kw name="Clear Element Text" library="Selenium2Library">
<arg>fm-login-id</arg>
<doc>Clears the value of the text-input-element identified by ``locator``.</doc>
<status status="PASS" starttime="20221223 18:15:39.234" endtime="20221223 18:15:39.270"/>
</kw>
<kw name="Clear Element Text" library="Selenium2Library">
<arg>fm-login-password</arg>
<doc>Clears the value of the text-input-element identified by ``locator``.</doc>
<status status="PASS" starttime="20221223 18:15:39.271" endtime="20221223 18:15:39.305"/>
</kw>
<kw name="Input Text" library="Selenium2Library">
<arg>fm-login-id</arg>
<arg>${account[0]}</arg>
<doc>Types the given ``text`` into the text field identified by ``locator``.</doc>
<msg timestamp="20221223 18:15:39.309" level="INFO">Typing text '18015073951' into text field 'fm-login-id'.</msg>
<status status="PASS" starttime="20221223 18:15:39.306" endtime="20221223 18:15:39.397"/>
</kw>
<kw name="Input Text" library="Selenium2Library">
<arg>fm-login-password</arg>
<arg>${password[0]}</arg>
<doc>Types the given ``text`` into the text field identified by ``locator``.</doc>
<msg timestamp="20221223 18:15:39.399" level="INFO">Typing text 'yan011017' into text field 'fm-login-password'.</msg>
<status status="PASS" starttime="20221223 18:15:39.398" endtime="20221223 18:15:39.484"/>
</kw>
<kw name="Comment" library="BuiltIn">
<arg>Drag And Drop By Offset</arg>
<arg>//*[@id="nc_1_n1z"]</arg>
<arg>100</arg>
<arg>0</arg>
<doc>Displays the given messages in the log file as keyword arguments.</doc>
<status status="PASS" starttime="20221223 18:15:39.485" endtime="20221223 18:15:39.485"/>
</kw>
<kw name="Click Button" library="Selenium2Library">
<arg>//*[@id="login-form"]/div[4]/button</arg>
<doc>Clicks the button identified by ``locator``.</doc>
<msg timestamp="20221223 18:15:39.487" level="INFO">Clicking button '//*[@id="login-form"]/div[4]/button'.</msg>
<status status="PASS" starttime="20221223 18:15:39.486" endtime="20221223 18:15:39.659"/>
</kw>
<kw name="Sleep" library="BuiltIn">
<arg>3</arg>
<doc>Pauses the test executed for the given time.</doc>
<msg timestamp="20221223 18:15:42.665" level="INFO">Slept 3 seconds</msg>
<status status="PASS" starttime="20221223 18:15:39.660" endtime="20221223 18:15:42.667"/>
</kw>
<kw name="Close Browser" library="Selenium2Library">
<doc>Closes the current browser.</doc>
<status status="PASS" starttime="20221223 18:15:42.668" endtime="20221223 18:15:44.926"/>
</kw>
<kw name="Open Browser" library="Selenium2Library">
<arg>https://www.taobao.com</arg>
<arg>edge</arg>
<arg>options=add_argument("--disable-blink-features=AutomationControlled");add_experimental_option("excludeSwitches",["enable-automation"])</arg>
<doc>Opens a new browser instance to the optional ``url``.</doc>
<msg timestamp="20221223 18:15:44.928" level="INFO">Opening browser 'edge' to base url 'https://www.taobao.com'.</msg>
<status status="PASS" starttime="20221223 18:15:44.927" endtime="20221223 18:15:50.027"/>
</kw>
<kw name="Click Element" library="Selenium2Library">
<arg>//*[@id="J_SiteNavLogin"]/div[1]/div[1]/a[1]</arg>
<doc>Click the element identified by ``locator``.</doc>
<msg timestamp="20221223 18:15:50.029" level="INFO">Clicking element '//*[@id="J_SiteNavLogin"]/div[1]/div[1]/a[1]'.</msg>
<status status="PASS" starttime="20221223 18:15:50.028" endtime="20221223 18:15:51.615"/>
</kw>
<kw name="Clear Element Text" library="Selenium2Library">
<arg>fm-login-id</arg>
<doc>Clears the value of the text-input-element identified by ``locator``.</doc>
<status status="PASS" starttime="20221223 18:15:51.615" endtime="20221223 18:15:51.663"/>
</kw>
<kw name="Clear Element Text" library="Selenium2Library">
<arg>fm-login-password</arg>
<doc>Clears the value of the text-input-element identified by ``locator``.</doc>
<status status="PASS" starttime="20221223 18:15:51.663" endtime="20221223 18:15:51.707"/>
</kw>
<kw name="Input Text" library="Selenium2Library">
<arg>fm-login-id</arg>
<arg>${account[5]}</arg>
<doc>Types the given ``text`` into the text field identified by ``locator``.</doc>
<msg timestamp="20221223 18:15:51.709" level="INFO">Typing text ' 18015073951' into text field 'fm-login-id'.</msg>
<status status="PASS" starttime="20221223 18:15:51.708" endtime="20221223 18:15:51.825"/>
</kw>
<kw name="Input Text" library="Selenium2Library">
<arg>fm-login-password</arg>
<arg>${password[0]}</arg>
<doc>Types the given ``text`` into the text field identified by ``locator``.</doc>
<msg timestamp="20221223 18:15:51.827" level="INFO">Typing text 'yan011017' into text field 'fm-login-password'.</msg>
<status status="PASS" starttime="20221223 18:15:51.825" endtime="20221223 18:15:51.932"/>
</kw>
<kw name="Comment" library="BuiltIn">
<arg>Drag And Drop By Offset</arg>
<arg>//*[@id="nc_1_n1z"]</arg>
<arg>100</arg>
<arg>0</arg>
<doc>Displays the given messages in the log file as keyword arguments.</doc>
<status status="PASS" starttime="20221223 18:15:51.933" endtime="20221223 18:15:51.934"/>
</kw>
<kw name="Click Button" library="Selenium2Library">
<arg>//*[@id="login-form"]/div[4]/button</arg>
<doc>Clicks the button identified by ``locator``.</doc>
<msg timestamp="20221223 18:15:51.935" level="INFO">Clicking button '//*[@id="login-form"]/div[4]/button'.</msg>
<status status="PASS" starttime="20221223 18:15:51.934" endtime="20221223 18:15:52.268"/>
</kw>
<kw name="Sleep" library="BuiltIn">
<arg>3</arg>
<doc>Pauses the test executed for the given time.</doc>
<msg timestamp="20221223 18:15:55.272" level="INFO">Slept 3 seconds</msg>
<status status="PASS" starttime="20221223 18:15:52.270" endtime="20221223 18:15:55.273"/>
</kw>
<kw name="Close Browser" library="Selenium2Library">
<doc>Closes the current browser.</doc>
<status status="PASS" starttime="20221223 18:15:55.275" endtime="20221223 18:15:57.530"/>
</kw>
<kw name="Open Browser" library="Selenium2Library">
<arg>https://www.taobao.com</arg>
<arg>edge</arg>
<arg>options=add_argument("--disable-blink-features=AutomationControlled");add_experimental_option("excludeSwitches",["enable-automation"])</arg>
<doc>Opens a new browser instance to the optional ``url``.</doc>
<msg timestamp="20221223 18:15:57.533" level="INFO">Opening browser 'edge' to base url 'https://www.taobao.com'.</msg>
<status status="PASS" starttime="20221223 18:15:57.531" endtime="20221223 18:16:02.351"/>
</kw>
<kw name="Click Element" library="Selenium2Library">
<arg>//*[@id="J_SiteNavLogin"]/div[1]/div[1]/a[1]</arg>
<doc>Click the element identified by ``locator``.</doc>
<msg timestamp="20221223 18:16:02.352" level="INFO">Clicking element '//*[@id="J_SiteNavLogin"]/div[1]/div[1]/a[1]'.</msg>
<status status="PASS" starttime="20221223 18:16:02.351" endtime="20221223 18:16:03.479"/>
</kw>
<kw name="Clear Element Text" library="Selenium2Library">
<arg>fm-login-id</arg>
<doc>Clears the value of the text-input-element identified by ``locator``.</doc>
<status status="PASS" starttime="20221223 18:16:03.480" endtime="20221223 18:16:03.797"/>
</kw>
<kw name="Clear Element Text" library="Selenium2Library">
<arg>fm-login-password</arg>
<doc>Clears the value of the text-input-element identified by ``locator``.</doc>
<status status="PASS" starttime="20221223 18:16:03.797" endtime="20221223 18:16:03.846"/>
</kw>
<kw name="Input Text" library="Selenium2Library">
<arg>fm-login-id</arg>
<arg>${account[0]}</arg>
<doc>Types the given ``text`` into the text field identified by ``locator``.</doc>
<msg timestamp="20221223 18:16:03.847" level="INFO">Typing text '18015073951' into text field 'fm-login-id'.</msg>
<status status="PASS" starttime="20221223 18:16:03.846" endtime="20221223 18:16:03.947"/>
</kw>
<kw name="Input Text" library="Selenium2Library">
<arg>fm-login-password</arg>
<arg>${password[5]}</arg>
<doc>Types the given ``text`` into the text field identified by ``locator``.</doc>
<msg timestamp="20221223 18:16:03.952" level="INFO">Typing text ' yan011017' into text field 'fm-login-password'.</msg>
<status status="PASS" starttime="20221223 18:16:03.948" endtime="20221223 18:16:04.110"/>
</kw>
<kw name="Comment" library="BuiltIn">
<arg>Drag And Drop By Offset</arg>
<arg>//*[@id="nc_1_n1z"]</arg>
<arg>100</arg>
<arg>0</arg>
<doc>Displays the given messages in the log file as keyword arguments.</doc>
<status status="PASS" starttime="20221223 18:16:04.112" endtime="20221223 18:16:04.113"/>
</kw>
<kw name="Click Button" library="Selenium2Library">
<arg>//*[@id="login-form"]/div[4]/button</arg>
<doc>Clicks the button identified by ``locator``.</doc>
<msg timestamp="20221223 18:16:04.115" level="INFO">Clicking button '//*[@id="login-form"]/div[4]/button'.</msg>
<status status="PASS" starttime="20221223 18:16:04.114" endtime="20221223 18:16:04.672"/>
</kw>
<kw name="Sleep" library="BuiltIn">
<arg>3</arg>
<doc>Pauses the test executed for the given time.</doc>
<msg timestamp="20221223 18:16:07.691" level="INFO">Slept 3 seconds</msg>
<status status="PASS" starttime="20221223 18:16:04.673" endtime="20221223 18:16:07.692"/>
</kw>
<kw name="Close Browser" library="Selenium2Library">
<doc>Closes the current browser.</doc>
<status status="PASS" starttime="20221223 18:16:07.693" endtime="20221223 18:16:09.994"/>
</kw>
<kw name="Open Browser" library="Selenium2Library">
<arg>https://www.taobao.com</arg>
<arg>edge</arg>
<arg>options=add_argument("--disable-blink-features=AutomationControlled");add_experimental_option("excludeSwitches",["enable-automation"])</arg>
<doc>Opens a new browser instance to the optional ``url``.</doc>
<msg timestamp="20221223 18:16:09.997" level="INFO">Opening browser 'edge' to base url 'https://www.taobao.com'.</msg>
<status status="PASS" starttime="20221223 18:16:09.995" endtime="20221223 18:16:14.801"/>
</kw>
<kw name="Click Element" library="Selenium2Library">
<arg>//*[@id="J_SiteNavLogin"]/div[1]/div[1]/a[1]</arg>
<doc>Click the element identified by ``locator``.</doc>
<msg timestamp="20221223 18:16:14.803" level="INFO">Clicking element '//*[@id="J_SiteNavLogin"]/div[1]/div[1]/a[1]'.</msg>
<status status="PASS" starttime="20221223 18:16:14.802" endtime="20221223 18:16:16.198"/>
</kw>
<kw name="Clear Element Text" library="Selenium2Library">
<arg>fm-login-id</arg>
<doc>Clears the value of the text-input-element identified by ``locator``.</doc>
<status status="PASS" starttime="20221223 18:16:16.199" endtime="20221223 18:16:16.246"/>
</kw>
<kw name="Clear Element Text" library="Selenium2Library">
<arg>fm-login-password</arg>
<doc>Clears the value of the text-input-element identified by ``locator``.</doc>
<status status="PASS" starttime="20221223 18:16:16.247" endtime="20221223 18:16:16.297"/>
</kw>
<kw name="Input Text" library="Selenium2Library">
<arg>fm-login-id</arg>
<arg>${account[6]}</arg>
<doc>Types the given ``text`` into the text field identified by ``locator``.</doc>
<msg timestamp="20221223 18:16:16.300" level="INFO">Typing text '18015073951 ' into text field 'fm-login-id'.</msg>
<status status="PASS" starttime="20221223 18:16:16.297" endtime="20221223 18:16:16.401"/>
</kw>
<kw name="Input Text" library="Selenium2Library">
<arg>fm-login-password</arg>
<arg>${password[0]}</arg>
<doc>Types the given ``text`` into the text field identified by ``locator``.</doc>
<msg timestamp="20221223 18:16:16.402" level="INFO">Typing text 'yan011017' into text field 'fm-login-password'.</msg>
<status status="PASS" starttime="20221223 18:16:16.401" endtime="20221223 18:16:16.507"/>
</kw>
<kw name="Comment" library="BuiltIn">
<arg>Drag And Drop By Offset</arg>
<arg>//*[@id="nc_1_n1z"]</arg>
<arg>100</arg>
<arg>0</arg>
<doc>Displays the given messages in the log file as keyword arguments.</doc>
<status status="PASS" starttime="20221223 18:16:16.508" endtime="20221223 18:16:16.508"/>
</kw>
<kw name="Click Button" library="Selenium2Library">
<arg>//*[@id="login-form"]/div[4]/button</arg>
<doc>Clicks the button identified by ``locator``.</doc>
<msg timestamp="20221223 18:16:16.510" level="INFO">Clicking button '//*[@id="login-form"]/div[4]/button'.</msg>
<status status="PASS" starttime="20221223 18:16:16.509" endtime="20221223 18:16:16.866"/>
</kw>
<kw name="Sleep" library="BuiltIn">
<arg>3</arg>
<doc>Pauses the test executed for the given time.</doc>
<msg timestamp="20221223 18:16:19.879" level="INFO">Slept 3 seconds</msg>
<status status="PASS" starttime="20221223 18:16:16.867" endtime="20221223 18:16:19.881"/>
</kw>
<kw name="Close Browser" library="Selenium2Library">
<doc>Closes the current browser.</doc>
<status status="PASS" starttime="20221223 18:16:19.882" endtime="20221223 18:16:22.132"/>
</kw>
<kw name="Open Browser" library="Selenium2Library">
<arg>https://www.taobao.com</arg>
<arg>edge</arg>
<arg>options=add_argument("--disable-blink-features=AutomationControlled");add_experimental_option("excludeSwitches",["enable-automation"])</arg>
<doc>Opens a new browser instance to the optional ``url``.</doc>
<msg timestamp="20221223 18:16:22.133" level="INFO">Opening browser 'edge' to base url 'https://www.taobao.com'.</msg>
<status status="PASS" starttime="20221223 18:16:22.132" endtime="20221223 18:16:27.034"/>
</kw>
<kw name="Click Element" library="Selenium2Library">
<arg>//*[@id="J_SiteNavLogin"]/div[1]/div[1]/a[1]</arg>
<doc>Click the element identified by ``locator``.</doc>
<msg timestamp="20221223 18:16:27.035" level="INFO">Clicking element '//*[@id="J_SiteNavLogin"]/div[1]/div[1]/a[1]'.</msg>
<status status="PASS" starttime="20221223 18:16:27.034" endtime="20221223 18:16:28.182"/>
</kw>
<kw name="Clear Element Text" library="Selenium2Library">
<arg>fm-login-id</arg>
<doc>Clears the value of the text-input-element identified by ``locator``.</doc>
<status status="PASS" starttime="20221223 18:16:28.184" endtime="20221223 18:16:28.482"/>
</kw>
<kw name="Clear Element Text" library="Selenium2Library">
<arg>fm-login-password</arg>
<doc>Clears the value of the text-input-element identified by ``locator``.</doc>
<status status="PASS" starttime="20221223 18:16:28.483" endtime="20221223 18:16:28.527"/>
</kw>
<kw name="Input Text" library="Selenium2Library">
<arg>fm-login-id</arg>
<arg>${account[0]}</arg>
<doc>Types the given ``text`` into the text field identified by ``locator``.</doc>
<msg timestamp="20221223 18:16:28.529" level="INFO">Typing text '18015073951' into text field 'fm-login-id'.</msg>
<status status="PASS" starttime="20221223 18:16:28.528" endtime="20221223 18:16:28.646"/>
</kw>
<kw name="Input Text" library="Selenium2Library">
<arg>fm-login-password</arg>
<arg>${password[6]}</arg>
<doc>Types the given ``text`` into the text field identified by ``locator``.</doc>
<msg timestamp="20221223 18:16:28.648" level="INFO">Typing text 'yan011017 ' into text field 'fm-login-password'.</msg>
<status status="PASS" starttime="20221223 18:16:28.647" endtime="20221223 18:16:28.770"/>
</kw>
<kw name="Comment" library="BuiltIn">
<arg>Drag And Drop By Offset</arg>
<arg>//*[@id="nc_1_n1z"]</arg>
<arg>100</arg>
<arg>0</arg>
<doc>Displays the given messages in the log file as keyword arguments.</doc>
<status status="PASS" starttime="20221223 18:16:28.770" endtime="20221223 18:16:28.771"/>
</kw>
<kw name="Click Button" library="Selenium2Library">
<arg>//*[@id="login-form"]/div[4]/button</arg>
<doc>Clicks the button identified by ``locator``.</doc>
<msg timestamp="20221223 18:16:28.773" level="INFO">Clicking button '//*[@id="login-form"]/div[4]/button'.</msg>
<status status="PASS" starttime="20221223 18:16:28.772" endtime="20221223 18:16:29.207"/>
</kw>
<kw name="Sleep" library="BuiltIn">
<arg>3</arg>
<doc>Pauses the test executed for the given time.</doc>
<msg timestamp="20221223 18:16:32.224" level="INFO">Slept 3 seconds</msg>
<status status="PASS" starttime="20221223 18:16:29.208" endtime="20221223 18:16:32.224"/>
</kw>
<kw name="Close Browser" library="Selenium2Library">
<doc>Closes the current browser.</doc>
<status status="PASS" starttime="20221223 18:16:32.226" endtime="20221223 18:16:34.471"/>
</kw>
<kw name="Open Browser" library="Selenium2Library">
<arg>https://www.taobao.com</arg>
<arg>edge</arg>
<arg>options=add_argument("--disable-blink-features=AutomationControlled");add_experimental_option("excludeSwitches",["enable-automation"])</arg>
<doc>Opens a new browser instance to the optional ``url``.</doc>
<msg timestamp="20221223 18:16:34.475" level="INFO">Opening browser 'edge' to base url 'https://www.taobao.com'.</msg>
<status status="PASS" starttime="20221223 18:16:34.474" endtime="20221223 18:16:39.342"/>
</kw>
<kw name="Click Element" library="Selenium2Library">
<arg>//*[@id="J_SiteNavLogin"]/div[1]/div[1]/a[1]</arg>
<doc>Click the element identified by ``locator``.</doc>
<msg timestamp="20221223 18:16:39.344" level="INFO">Clicking element '//*[@id="J_SiteNavLogin"]/div[1]/div[1]/a[1]'.</msg>
<status status="PASS" starttime="20221223 18:16:39.342" endtime="20221223 18:16:40.443"/>
</kw>
<kw name="Clear Element Text" library="Selenium2Library">
<arg>fm-login-id</arg>
<doc>Clears the value of the text-input-element identified by ``locator``.</doc>
<status status="PASS" starttime="20221223 18:16:40.443" endtime="20221223 18:16:40.750"/>
</kw>
<kw name="Clear Element Text" library="Selenium2Library">
<arg>fm-login-password</arg>
<doc>Clears the value of the text-input-element identified by ``locator``.</doc>
<status status="PASS" starttime="20221223 18:16:40.751" endtime="20221223 18:16:40.796"/>
</kw>
<kw name="Input Text" library="Selenium2Library">
<arg>fm-login-id</arg>
<arg>${account[7]}</arg>
<doc>Types the given ``text`` into the text field identified by ``locator``.</doc>
<msg timestamp="20221223 18:16:40.798" level="INFO">Typing text '￥#%……&amp;' into text field 'fm-login-id'.</msg>
<status status="PASS" starttime="20221223 18:16:40.797" endtime="20221223 18:16:40.892"/>
</kw>
<kw name="Input Text" library="Selenium2Library">
<arg>fm-login-password</arg>
<arg>${password[0]}</arg>
<doc>Types the given ``text`` into the text field identified by ``locator``.</doc>
<msg timestamp="20221223 18:16:40.894" level="INFO">Typing text 'yan011017' into text field 'fm-login-password'.</msg>
<status status="PASS" starttime="20221223 18:16:40.893" endtime="20221223 18:16:40.989"/>
</kw>
<kw name="Comment" library="BuiltIn">
<arg>Drag And Drop By Offset</arg>
<arg>//*[@id="nc_1_n1z"]</arg>
<arg>100</arg>
<arg>0</arg>
<doc>Displays the given messages in the log file as keyword arguments.</doc>
<status status="PASS" starttime="20221223 18:16:40.990" endtime="20221223 18:16:40.991"/>
</kw>
<kw name="Click Button" library="Selenium2Library">
<arg>//*[@id="login-form"]/div[4]/button</arg>
<doc>Clicks the button identified by ``locator``.</doc>
<msg timestamp="20221223 18:16:40.992" level="INFO">Clicking button '//*[@id="login-form"]/div[4]/button'.</msg>
<status status="PASS" starttime="20221223 18:16:40.991" endtime="20221223 18:16:41.457"/>
</kw>
<kw name="Wait Until Page Contains Element" library="Selenium2Library">
<arg>//*[@id="login-error"]/div</arg>
<arg>3</arg>
<arg>error</arg>
<doc>Waits until the element ``locator`` appears on the current page.</doc>
<status status="PASS" starttime="20221223 18:16:41.459" endtime="20221223 18:16:41.484"/>
</kw>
<kw name="Sleep" library="BuiltIn">
<arg>3</arg>
<doc>Pauses the test executed for the given time.</doc>
<msg timestamp="20221223 18:16:44.492" level="INFO">Slept 3 seconds</msg>
<status status="PASS" starttime="20221223 18:16:41.485" endtime="20221223 18:16:44.493"/>
</kw>
<status status="PASS" starttime="20221223 18:14:49.797" endtime="20221223 18:16:44.494"/>
</test>
<status status="PASS" starttime="20221223 18:14:49.416" endtime="20221223 18:16:44.496"/>
</suite>
<status status="PASS" starttime="20221223 18:14:49.410" endtime="20221223 18:16:44.499"/>
</suite>
<status status="PASS" starttime="20221223 18:14:49.399" endtime="20221223 18:16:44.501"/>
</suite>
<status status="PASS" starttime="20221223 18:14:49.294" endtime="20221223 18:16:44.503"/>
</suite>
<statistics>
<total>
<stat pass="1" fail="0" skip="0">All Tests</stat>
</total>
<tag>
</tag>
<suite>
<stat pass="1" fail="0" skip="0" id="s1" name="Git Regan">Git Regan</stat>
<stat pass="1" fail="0" skip="0" id="s1-s1" name="Robot">Git Regan.Robot</stat>
<stat pass="1" fail="0" skip="0" id="s1-s1-s1" name="Taobao">Git Regan.Robot.Taobao</stat>
<stat pass="1" fail="0" skip="0" id="s1-s1-s1-s1" name="Test">Git Regan.Robot.Taobao.Test</stat>
</suite>
</statistics>
<errors>
</errors>
</robot>
